#
# A fatal error has been detected by the Java Runtime Environment:
#
#  SIGSEGV (0xb) at pc=0x00007fbf09265f1c, pid=9037, tid=140458462504720
#
# JRE version: 6.0_17-b17
# Java VM: OpenJDK 64-Bit Server VM (14.0-b16 mixed mode linux-amd64 )
# Derivative: IcedTea6 1.7.4
# Distribution: Custom build (Thu Jul 29 16:49:18 EDT 2010)
# Problematic frame:
# V  [libjvm.so+0x3aaf1c]
#
# If you would like to submit a bug report, please include
# instructions how to reproduce the bug and visit:
#   http://icedtea.classpath.org/bugzilla
#

---------------  T H R E A D  ---------------

Current thread (0x00007fbf04007000):  JavaThread "main" [_thread_in_vm, id=9045, stack(0x00007fbf08b36000,0x00007fbf08c37000)]

siginfo:si_signo=SIGSEGV: si_errno=0, si_code=2 (SEGV_ACCERR), si_addr=0x00007fbf041d1000

Registers:
RAX=0x00007fbf08c357b0, RBX=0x00007fbdb8144a58, RCX=0x00007fbde34f9020, RDX=0x000000000001f523
RSP=0x00007fbf08c356f0, RBP=0x00007fbf08c357a0, RSI=0x00007fbf041d0fe1, RDI=0x00007fbf08c35740
R8 =0x00007fbf09919ee0, R9 =0x0000000000002355, R10=0x0000000000100010, R11=0x0000000000000246
R12=0x00007fbf04005be0, R13=0x00007fbf08c35740, R14=0x00007fbf041d0ff1, R15=0x0000000000000000
RIP=0x00007fbf09265f1c, EFL=0x0000000000010287, CSGSFS=0x0000000000000033, ERR=0x0000000000000004
  TRAPNO=0x000000000000000e

Top of Stack: (sp=0x00007fbf08c356f0)
0x00007fbf08c356f0:   0000000000000000 0000000000000000
0x00007fbf08c35700:   3e710629000001d8 00007fbf04005be0
0x00007fbf08c35710:   00007fbf04005fb8 00007fbf04005bd0
0x00007fbf08c35720:   00007fbf04006120 00007fbf010ab890
0x00007fbf08c35730:   00007fbeb99b8728 00007fbf04007000
0x00007fbf08c35740:   00007fbf08c357b8 00007fbf01017e01
0x00007fbf08c35750:   00007fbf01004d90 00007fbf00000000
0x00007fbf08c35760:   00007fbf08c357f0 00007fbf08c357b8
0x00007fbf08c35770:   0000000000000001 0000000000000000
0x00007fbf08c35780:   00007fbdfd8b5a80 00007fbdfd8b7720
0x00007fbf08c35790:   00007fbf08c35898 00007fbf04007000
0x00007fbf08c357a0:   00007fbf08c357f0 00007fbf01017e46
0x00007fbf08c357b0:   00007fbf01017e01 00007fbdfd8b7720
0x00007fbf08c357c0:   00007fbf08c35898 00007fbdfd8ba078
0x00007fbf08c357d0:   00007fbdfd93b248 00007fbdfd8b7af0
0x00007fbf08c357e0:   0000000000000000 00007fbf08c35870
0x00007fbf08c357f0:   00007fbf08c358e0 00007fbf010057fa
0x00007fbf08c35800:   0000000000000000 0000000000000000
0x00007fbf08c35810:   00007fbe00000116 3f6ba64978ee872d
0x00007fbf08c35820:   0000000000000000 00007fbeb99227f0
0x00007fbf08c35830:   00007fbeb991db28 00007fbeb991db10
0x00007fbf08c35840:   00007fbeb991da80 00007fbeb515bba8
0x00007fbf08c35850:   00007fbeb991bbd0 0000000000000000
0x00007fbf08c35860:   00007fbe09324600 0000000000000000
0x00007fbf08c35870:   0000000000000000 0000000000000000
0x00007fbf08c35880:   0000000000000000 0000000000000000
0x00007fbf08c35890:   0000000000000000 0000000000000000
0x00007fbf08c358a0:   00007fbf08c358a0 00007fbdfd8b27ea
0x00007fbf08c358b0:   00007fbf08c35918 00007fbdfd8b3600
0x00007fbf08c358c0:   0000000000000000 00007fbdfd8b2850
0x00007fbf08c358d0:   00007fbf08c35870 00007fbf08c35918
0x00007fbf08c358e0:   00007fbf08c35980 00007fbf010003eb 

Instructions: (pc=0x00007fbf09265f1c)
0x00007fbf09265f0c:   89 ef e8 2d 22 f7 ff 49 39 c6 0f 83 14 01 00 00
0x00007fbf09265f1c:   4d 8b 7e 08 4d 85 ff 74 d8 48 8b 45 98 48 8b b8 

Stack: [0x00007fbf08b36000,0x00007fbf08c37000],  sp=0x00007fbf08c356f0,  free space=1021k
Native frames: (J=compiled Java code, j=interpreted, Vv=VM code, C=native code)
V  [libjvm.so+0x3aaf1c]
j  timelineGenerator.ParameterGen.<init>(IILjava/lang/String;Ljava/lang/String;Ljava/lang/String;)V+472
j  generatorServer.Server.main([Ljava/lang/String;)V+34
v  ~StubRoutines::call_stub
V  [libjvm.so+0x3b3bd3]
V  [libjvm.so+0x3b2d18]
V  [libjvm.so+0x3bd5d3]
V  [libjvm.so+0x3c9898]
C  [java+0x336d]  JavaMain+0xd0d

Java frames: (J=compiled Java code, j=interpreted, Vv=VM code)
j  timelineGenerator.ParameterGen.<init>(IILjava/lang/String;Ljava/lang/String;Ljava/lang/String;)V+472
j  generatorServer.Server.main([Ljava/lang/String;)V+34
v  ~StubRoutines::call_stub

---------------  P R O C E S S  ---------------

Java Threads: ( => current thread )
  0x00007fbf040a5800 JavaThread "Low Memory Detector" daemon [_thread_blocked, id=9060, stack(0x00007fbde3607000,0x00007fbde3708000)]
  0x00007fbf040a2800 JavaThread "CompilerThread1" daemon [_thread_blocked, id=9059, stack(0x00007fbde3708000,0x00007fbde3809000)]
  0x00007fbf040a0800 JavaThread "CompilerThread0" daemon [_thread_blocked, id=9058, stack(0x00007fbde3809000,0x00007fbde390a000)]
  0x00007fbf0409e800 JavaThread "Signal Dispatcher" daemon [_thread_blocked, id=9057, stack(0x00007fbde390a000,0x00007fbde3a0b000)]
  0x00007fbf0407d800 JavaThread "Finalizer" daemon [_thread_blocked, id=9056, stack(0x00007fbde3a0b000,0x00007fbde3b0c000)]
  0x00007fbf0407b800 JavaThread "Reference Handler" daemon [_thread_blocked, id=9055, stack(0x00007fbde3b0c000,0x00007fbde3c0d000)]
=>0x00007fbf04007000 JavaThread "main" [_thread_in_vm, id=9045, stack(0x00007fbf08b36000,0x00007fbf08c37000)]

Other Threads:
  0x00007fbf04077000 VMThread [stack: 0x00007fbde3c0d000,0x00007fbde3d0e000] [id=9054]
  0x00007fbf040a8000 WatcherThread [stack: 0x00007fbde3506000,0x00007fbde3607000] [id=9061]

VM state:not at safepoint (normal execution)

VM Mutex/Monitor currently owned by a thread: None

Heap
 PSYoungGen      total 534208K, used 240142K [0x00007fbeadf60000, 0x00007fbed33a0000, 0x00007fbf01000000)
  eden space 492416K, 40% used [0x00007fbeadf60000,0x00007fbeba113b30,0x00007fbecc040000)
  from space 41792K, 100% used [0x00007fbecf450000,0x00007fbed1d20000,0x00007fbed1d20000)
  to   space 53312K, 0% used [0x00007fbecc040000,0x00007fbecc040000,0x00007fbecf450000)
 PSOldGen        total 170048K, used 51304K [0x00007fbe07e00000, 0x00007fbe12410000, 0x00007fbeadf60000)
  object space 170048K, 30% used [0x00007fbe07e00000,0x00007fbe0b01a150,0x00007fbe12410000)
 PSPermGen       total 21248K, used 3353K [0x00007fbdfd600000, 0x00007fbdfeac0000, 0x00007fbe07e00000)
  object space 21248K, 15% used [0x00007fbdfd600000,0x00007fbdfd9465d8,0x00007fbdfeac0000)

Dynamic libraries:
00400000-00408000 r-xp 00000000 08:03 11186                              /usr/lib/jvm/java-1.6.0-openjdk-1.6.0.0.x86_64/jre/bin/java
00608000-00609000 rw-p 00008000 08:03 11186                              /usr/lib/jvm/java-1.6.0-openjdk-1.6.0.0.x86_64/jre/bin/java
020d1000-020f2000 rw-p 00000000 00:00 0                                  [heap]
34d6a00000-34d6a1e000 r-xp 00000000 08:03 792478                         /lib64/ld-2.12.so
34d6c1e000-34d6c1f000 r--p 0001e000 08:03 792478                         /lib64/ld-2.12.so
34d6c1f000-34d6c20000 rw-p 0001f000 08:03 792478                         /lib64/ld-2.12.so
34d6c20000-34d6c21000 rw-p 00000000 00:00 0 
34d6e00000-34d6e02000 r-xp 00000000 08:03 792482                         /lib64/libdl-2.12.so
34d6e02000-34d7002000 ---p 00002000 08:03 792482                         /lib64/libdl-2.12.so
34d7002000-34d7003000 r--p 00002000 08:03 792482                         /lib64/libdl-2.12.so
34d7003000-34d7004000 rw-p 00003000 08:03 792482                         /lib64/libdl-2.12.so
34d7200000-34d7375000 r-xp 00000000 08:03 792479                         /lib64/libc-2.12.so
34d7375000-34d7575000 ---p 00175000 08:03 792479                         /lib64/libc-2.12.so
34d7575000-34d7579000 r--p 00175000 08:03 792479                         /lib64/libc-2.12.so
34d7579000-34d757a000 rw-p 00179000 08:03 792479                         /lib64/libc-2.12.so
34d757a000-34d757f000 rw-p 00000000 00:00 0 
34d7600000-34d7617000 r-xp 00000000 08:03 792480                         /lib64/libpthread-2.12.so
34d7617000-34d7817000 ---p 00017000 08:03 792480                         /lib64/libpthread-2.12.so
34d7817000-34d7818000 r--p 00017000 08:03 792480                         /lib64/libpthread-2.12.so
34d7818000-34d7819000 rw-p 00018000 08:03 792480                         /lib64/libpthread-2.12.so
34d7819000-34d781d000 rw-p 00000000 00:00 0 
34d7a00000-34d7a04000 r-xp 00000000 08:03 13117                          /usr/lib/jvm/java-1.6.0-openjdk-1.6.0.0.x86_64/jre/lib/amd64/jli/libjli.so
34d7a04000-34d7c03000 ---p 00004000 08:03 13117                          /usr/lib/jvm/java-1.6.0-openjdk-1.6.0.0.x86_64/jre/lib/amd64/jli/libjli.so
34d7c03000-34d7c04000 rw-p 00003000 08:03 13117                          /usr/lib/jvm/java-1.6.0-openjdk-1.6.0.0.x86_64/jre/lib/amd64/jli/libjli.so
34d7e00000-34d7e15000 r-xp 00000000 08:03 792481                         /lib64/libz.so.1.2.3
34d7e15000-34d8014000 ---p 00015000 08:03 792481                         /lib64/libz.so.1.2.3
34d8014000-34d8015000 rw-p 00014000 08:03 792481                         /lib64/libz.so.1.2.3
34d8200000-34d8207000 r-xp 00000000 08:03 792483                         /lib64/librt-2.12.so
34d8207000-34d8406000 ---p 00007000 08:03 792483                         /lib64/librt-2.12.so
34d8406000-34d8407000 r--p 00006000 08:03 792483                         /lib64/librt-2.12.so
34d8407000-34d8408000 rw-p 00007000 08:03 792483                         /lib64/librt-2.12.so
34ea400000-34ea416000 r-xp 00000000 08:03 792518                         /lib64/libnsl-2.12.so
34ea416000-34ea615000 ---p 00016000 08:03 792518                         /lib64/libnsl-2.12.so
34ea615000-34ea616000 r--p 00015000 08:03 792518                         /lib64/libnsl-2.12.so
34ea616000-34ea617000 rw-p 00016000 08:03 792518                         /lib64/libnsl-2.12.so
34ea617000-34ea619000 rw-p 00000000 00:00 0 
7fbdb0000000-7fbdb0021000 rw-p 00000000 00:00 0 
7fbdb0021000-7fbdb4000000 ---p 00000000 00:00 0 
7fbdb4000000-7fbdb4021000 rw-p 00000000 00:00 0 
7fbdb4021000-7fbdb8000000 ---p 00000000 00:00 0 
7fbdb8000000-7fbdb88ed000 rw-p 00000000 00:00 0 
7fbdb88ed000-7fbdbc000000 ---p 00000000 00:00 0 
7fbdbc000000-7fbdbc7fa000 rw-p 00000000 00:00 0 
7fbdbc7fa000-7fbdc0000000 ---p 00000000 00:00 0 
7fbdc0000000-7fbdc0021000 rw-p 00000000 00:00 0 
7fbdc0021000-7fbdc4000000 ---p 00000000 00:00 0 
7fbdc616f000-7fbdcc000000 r--p 00000000 08:03 2491157                    /usr/lib/locale/locale-archive
7fbdcc000000-7fbdcc021000 rw-p 00000000 00:00 0 
7fbdcc021000-7fbdd0000000 ---p 00000000 00:00 0 
7fbdd0000000-7fbdd0021000 rw-p 00000000 00:00 0 
7fbdd0021000-7fbdd4000000 ---p 00000000 00:00 0 
7fbdd4000000-7fbdd4021000 rw-p 00000000 00:00 0 
7fbdd4021000-7fbdd8000000 ---p 00000000 00:00 0 
7fbdd8000000-7fbdd8021000 rw-p 00000000 00:00 0 
7fbdd8021000-7fbddc000000 ---p 00000000 00:00 0 
7fbddc000000-7fbddc021000 rw-p 00000000 00:00 0 
7fbddc021000-7fbde0000000 ---p 00000000 00:00 0 
7fbde33f9000-7fbde34fa000 rw-p 00000000 00:00 0 
7fbde34fa000-7fbde34fd000 r--s 0000f000 08:03 11259                      /usr/lib/jvm/java-1.6.0-openjdk-1.6.0.0.x86_64/jre/lib/ext/pulse-java.jar
7fbde34fd000-7fbde3506000 r--s 00065000 08:03 11256                      /usr/lib/jvm/java-1.6.0-openjdk-1.6.0.0.x86_64/jre/lib/ext/gnome-java-bridge.jar
7fbde3506000-7fbde3507000 ---p 00000000 00:00 0 
7fbde3507000-7fbde3607000 rw-p 00000000 00:00 0 
7fbde3607000-7fbde360a000 ---p 00000000 00:00 0 
7fbde360a000-7fbde3708000 rw-p 00000000 00:00 0 
7fbde3708000-7fbde370b000 ---p 00000000 00:00 0 
7fbde370b000-7fbde3809000 rw-p 00000000 00:00 0 
7fbde3809000-7fbde380c000 ---p 00000000 00:00 0 
7fbde380c000-7fbde390a000 rw-p 00000000 00:00 0 
7fbde390a000-7fbde390d000 ---p 00000000 00:00 0 
7fbde390d000-7fbde3a0b000 rw-p 00000000 00:00 0 
7fbde3a0b000-7fbde3a0e000 ---p 00000000 00:00 0 
7fbde3a0e000-7fbde3b0c000 rw-p 00000000 00:00 0 
7fbde3b0c000-7fbde3b0f000 ---p 00000000 00:00 0 
7fbde3b0f000-7fbde3c0d000 rw-p 00000000 00:00 0 
7fbde3c0d000-7fbde3c0e000 ---p 00000000 00:00 0 
7fbde3c0e000-7fbde3e6a000 rw-p 00000000 00:00 0 
7fbde3e6a000-7fbde4000000 r--s 03906000 08:03 11301                      /usr/lib/jvm/java-1.6.0-openjdk-1.6.0.0.x86_64/jre/lib/rt.jar
7fbde4000000-7fbde4021000 rw-p 00000000 00:00 0 
7fbde4021000-7fbde8000000 ---p 00000000 00:00 0 
7fbde8000000-7fbde8021000 rw-p 00000000 00:00 0 
7fbde8021000-7fbdec000000 ---p 00000000 00:00 0 
7fbdec000000-7fbdec021000 rw-p 00000000 00:00 0 
7fbdec021000-7fbdf0000000 ---p 00000000 00:00 0 
7fbdf0000000-7fbdf0021000 rw-p 00000000 00:00 0 
7fbdf0021000-7fbdf4000000 ---p 00000000 00:00 0 
7fbdf4000000-7fbdf4021000 rw-p 00000000 00:00 0 
7fbdf4021000-7fbdf8000000 ---p 00000000 00:00 0 
7fbdf8000000-7fbdf8021000 rw-p 00000000 00:00 0 
7fbdf8021000-7fbdfc000000 ---p 00000000 00:00 0 
7fbdfc02d000-7fbdfc055000 rw-p 00000000 00:00 0 
7fbdfc055000-7fbdfc056000 ---p 00000000 00:00 0 
7fbdfc056000-7fbdfc156000 rw-p 00000000 00:00 0 
7fbdfc156000-7fbdfc157000 ---p 00000000 00:00 0 
7fbdfc157000-7fbdfc257000 rw-p 00000000 00:00 0 
7fbdfc257000-7fbdfc258000 ---p 00000000 00:00 0 
7fbdfc258000-7fbdfc358000 rw-p 00000000 00:00 0 
7fbdfc358000-7fbdfc359000 ---p 00000000 00:00 0 
7fbdfc359000-7fbdfc459000 rw-p 00000000 00:00 0 
7fbdfc459000-7fbdfc45a000 ---p 00000000 00:00 0 
7fbdfc45a000-7fbdfc55a000 rw-p 00000000 00:00 0 
7fbdfc55a000-7fbdfc55b000 ---p 00000000 00:00 0 
7fbdfc55b000-7fbdfc65b000 rw-p 00000000 00:00 0 
7fbdfc65b000-7fbdfc65c000 ---p 00000000 00:00 0 
7fbdfc65c000-7fbdfc75c000 rw-p 00000000 00:00 0 
7fbdfc75c000-7fbdfc75d000 ---p 00000000 00:00 0 
7fbdfc75d000-7fbdfc85d000 rw-p 00000000 00:00 0 
7fbdfc85d000-7fbdfc868000 rwxp 00000000 00:00 0 
7fbdfc868000-7fbdfc8b1000 rwxp 00000000 00:00 0 
7fbdfc8b1000-7fbdfc905000 rwxp 00000000 00:00 0 
7fbdfc905000-7fbdfcde2000 rwxp 00000000 00:00 0 
7fbdfcde2000-7fbdfcded000 rwxp 00000000 00:00 0 
7fbdfcded000-7fbdfce36000 rwxp 00000000 00:00 0 
7fbdfce36000-7fbdfce8a000 rwxp 00000000 00:00 0 
7fbdfce8a000-7fbdfd366000 rwxp 00000000 00:00 0 
7fbdfd366000-7fbdfd491000 rwxp 00000000 00:00 0 
7fbdfd491000-7fbdfd5ff000 rwxp 00000000 00:00 0 
7fbdfd5ff000-7fbdfeac0000 rwxp 00000000 00:00 0 
7fbdfeac0000-7fbe07e00000 rwxp 00000000 00:00 0 
7fbe07e00000-7fbe12410000 rwxp 00000000 00:00 0 
7fbe12410000-7fbeadf60000 rwxp 00000000 00:00 0 
7fbeadf60000-7fbed33a0000 rwxp 00000000 00:00 0 
7fbed33a0000-7fbf01000000 rwxp 00000000 00:00 0 
7fbf01000000-7fbf01270000 rwxp 00000000 00:00 0 
7fbf01270000-7fbf04000000 rwxp 00000000 00:00 0 
7fbf04000000-7fbf041d1000 rw-p 00000000 00:00 0 
7fbf041d1000-7fbf08000000 ---p 00000000 00:00 0 
7fbf08003000-7fbf0800d000 rwxp 00000000 00:00 0 
7fbf0800d000-7fbf080c3000 rwxp 00000000 00:00 0 
7fbf080c3000-7fbf080ca000 r-xp 00000000 08:03 11233                      /usr/lib/jvm/java-1.6.0-openjdk-1.6.0.0.x86_64/jre/lib/amd64/libzip.so
7fbf080ca000-7fbf082c9000 ---p 00007000 08:03 11233                      /usr/lib/jvm/java-1.6.0-openjdk-1.6.0.0.x86_64/jre/lib/amd64/libzip.so
7fbf082c9000-7fbf082ca000 rw-p 00006000 08:03 11233                      /usr/lib/jvm/java-1.6.0-openjdk-1.6.0.0.x86_64/jre/lib/amd64/libzip.so
7fbf082ca000-7fbf082d6000 r-xp 00000000 08:03 786462                     /lib64/libnss_files-2.12.so
7fbf082d6000-7fbf084d5000 ---p 0000c000 08:03 786462                     /lib64/libnss_files-2.12.so
7fbf084d5000-7fbf084d6000 r--p 0000b000 08:03 786462                     /lib64/libnss_files-2.12.so
7fbf084d6000-7fbf084d7000 rw-p 0000c000 08:03 786462                     /lib64/libnss_files-2.12.so
7fbf084ef000-7fbf084f7000 r-xp 00000000 08:03 11235                      /usr/lib/jvm/java-1.6.0-openjdk-1.6.0.0.x86_64/jre/lib/amd64/native_threads/libhpi.so
7fbf084f7000-7fbf086f6000 ---p 00008000 08:03 11235                      /usr/lib/jvm/java-1.6.0-openjdk-1.6.0.0.x86_64/jre/lib/amd64/native_threads/libhpi.so
7fbf086f6000-7fbf086f7000 rw-p 00007000 08:03 11235                      /usr/lib/jvm/java-1.6.0-openjdk-1.6.0.0.x86_64/jre/lib/amd64/native_threads/libhpi.so
7fbf086f7000-7fbf086f8000 rw-p 00000000 00:00 0 
7fbf086f8000-7fbf08723000 r-xp 00000000 08:03 11213                      /usr/lib/jvm/java-1.6.0-openjdk-1.6.0.0.x86_64/jre/lib/amd64/libjava.so
7fbf08723000-7fbf08923000 ---p 0002b000 08:03 11213                      /usr/lib/jvm/java-1.6.0-openjdk-1.6.0.0.x86_64/jre/lib/amd64/libjava.so
7fbf08923000-7fbf08927000 rw-p 0002b000 08:03 11213                      /usr/lib/jvm/java-1.6.0-openjdk-1.6.0.0.x86_64/jre/lib/amd64/libjava.so
7fbf08927000-7fbf08935000 r-xp 00000000 08:03 11232                      /usr/lib/jvm/java-1.6.0-openjdk-1.6.0.0.x86_64/jre/lib/amd64/libverify.so
7fbf08935000-7fbf08b34000 ---p 0000e000 08:03 11232                      /usr/lib/jvm/java-1.6.0-openjdk-1.6.0.0.x86_64/jre/lib/amd64/libverify.so
7fbf08b34000-7fbf08b36000 rw-p 0000d000 08:03 11232                      /usr/lib/jvm/java-1.6.0-openjdk-1.6.0.0.x86_64/jre/lib/amd64/libverify.so
7fbf08b36000-7fbf08b39000 ---p 00000000 00:00 0 
7fbf08b39000-7fbf08c37000 rw-p 00000000 00:00 0 
7fbf08c37000-7fbf08cba000 r-xp 00000000 08:03 792486                     /lib64/libm-2.12.so
7fbf08cba000-7fbf08eb9000 ---p 00083000 08:03 792486                     /lib64/libm-2.12.so
7fbf08eb9000-7fbf08eba000 r--p 00082000 08:03 792486                     /lib64/libm-2.12.so
7fbf08eba000-7fbf08ebb000 rw-p 00083000 08:03 792486                     /lib64/libm-2.12.so
7fbf08ebb000-7fbf09667000 r-xp 00000000 08:03 11239                      /usr/lib/jvm/java-1.6.0-openjdk-1.6.0.0.x86_64/jre/lib/amd64/server/libjvm.so
7fbf09667000-7fbf09867000 ---p 007ac000 08:03 11239                      /usr/lib/jvm/java-1.6.0-openjdk-1.6.0.0.x86_64/jre/lib/amd64/server/libjvm.so
7fbf09867000-7fbf098f5000 rw-p 007ac000 08:03 11239                      /usr/lib/jvm/java-1.6.0-openjdk-1.6.0.0.x86_64/jre/lib/amd64/server/libjvm.so
7fbf098f5000-7fbf09936000 rw-p 00000000 00:00 0 
7fbf09944000-7fbf0994c000 rw-s 00000000 08:03 926027                     /tmp/hsperfdata_yuchengcheng/9037
7fbf0994c000-7fbf0994d000 rw-p 00000000 00:00 0 
7fbf0994d000-7fbf0994e000 r--p 00000000 00:00 0 
7fbf0994e000-7fbf0994f000 rw-p 00000000 00:00 0 
7fffa515d000-7fffa5172000 rw-p 00000000 00:00 0                          [stack]
7fffa51ff000-7fffa5200000 r-xp 00000000 00:00 0                          [vdso]
ffffffffff600000-ffffffffff601000 r-xp 00000000 00:00 0                  [vsyscall]

VM Arguments:
jvm_args: -Dfile.encoding=UTF-8 
java_command: generatorServer.Server
Launcher Type: SUN_STANDARD

Environment Variables:
JAVA_HOME=/usr/java/jdk1.6.0_30
JRE_HOME=/usr/java/jdk1.6.0_30/jre
CLASSPATH=/home/NewHadoop/hadoop/hadoop-1.0.3/lib:.:/usr/java/jdk1.6.0_30/lib:/usr/java/jdk1.6.0_30/jre/lib:
PATH=/home/hadoop/hive/hive-0.9.0-bin//bin:/home/NewHadoop/hadoop/hadoop-1.0.3/bin:/usr/lib64/qt-3.3/bin:/usr/local/bin:/bin:/usr/bin:/usr/local/sbin:/usr/sbin:/sbin:/usr/java/jdk1.6.0_30/bin:/usr/java/jdk1.6.0_30/jre/bin
LD_LIBRARY_PATH=/usr/lib/jvm/java-1.6.0-openjdk-1.6.0.0.x86_64/jre/lib/amd64/server:/usr/lib/jvm/java-1.6.0-openjdk-1.6.0.0.x86_64/jre/lib/amd64:/usr/lib/jvm/java-1.6.0-openjdk-1.6.0.0.x86_64/jre/../lib/amd64:/usr/lib64/xulrunner-1.9.2
SHELL=/bin/bash
DISPLAY=:5.0

Signal Handlers:
SIGSEGV: [libjvm.so+0x64f8e0], sa_mask[0]=0x7ffbfeff, sa_flags=0x10000004
SIGBUS: [libjvm.so+0x64f8e0], sa_mask[0]=0x7ffbfeff, sa_flags=0x10000004
SIGFPE: [libjvm.so+0x531ca0], sa_mask[0]=0x7ffbfeff, sa_flags=0x10000004
SIGPIPE: [libjvm.so+0x531ca0], sa_mask[0]=0x7ffbfeff, sa_flags=0x10000004
SIGXFSZ: [libjvm.so+0x531ca0], sa_mask[0]=0x7ffbfeff, sa_flags=0x10000004
SIGILL: [libjvm.so+0x531ca0], sa_mask[0]=0x7ffbfeff, sa_flags=0x10000004
SIGUSR1: SIG_DFL, sa_mask[0]=0x00000000, sa_flags=0x00000000
SIGUSR2: [libjvm.so+0x531450], sa_mask[0]=0x00000004, sa_flags=0x10000004
SIGHUP: [libjvm.so+0x533880], sa_mask[0]=0x7ffbfeff, sa_flags=0x10000004
SIGINT: [libjvm.so+0x533880], sa_mask[0]=0x7ffbfeff, sa_flags=0x10000004
SIGTERM: [libjvm.so+0x533880], sa_mask[0]=0x7ffbfeff, sa_flags=0x10000004
SIGQUIT: [libjvm.so+0x533880], sa_mask[0]=0x7ffbfeff, sa_flags=0x10000004


---------------  S Y S T E M  ---------------

OS:Red Hat Enterprise Linux Server release 6.0 (Santiago)

uname:Linux 2.6.32-71.el6.x86_64 #1 SMP Wed Sep 1 01:33:01 EDT 2010 x86_64
libc:glibc 2.12 NPTL 2.12 
rlimit: STACK 10240k, CORE 0k, NPROC 1024, NOFILE 1024, AS infinity
load average:0.45 0.58 0.94

CPU:total 8 (16 cores per cpu, 2 threads per core) family 6 model 44 stepping 2, cmov, cx8, fxsr, mmx, sse, sse2, sse3, ssse3, sse4.1, sse4.2, ht

Memory: 4k page, physical 16321704k(8624088k free), swap 32767992k(30272464k free)

vm_info: OpenJDK 64-Bit Server VM (14.0-b16) for linux-amd64 JRE (1.6.0_17-b17), built on Jul 29 2010 16:58:21 by "mockbuild" with gcc 4.4.4 20100726 (Red Hat 4.4.4-13)

time: Mon Oct 28 20:06:59 2013
elapsed time: 3 seconds

